<?xml version="1.0" encoding="UTF-8"?>
<testng-results skipped="1" failed="0" ignored="0" total="4" passed="3">
  <reporter-output>
  </reporter-output>
  <suite name="mynewsuite" duration-ms="172" started-at="2019-01-15T07:17:26Z" finished-at="2019-01-15T07:17:27Z">
    <groups>
    </groups>
    <test name="mynewtest" duration-ms="172" started-at="2019-01-15T07:17:26Z" finished-at="2019-01-15T07:17:27Z">
      <class name="browsing.TestNG1">
        <test-method status="FAIL" signature="beforeMethod(java.lang.String)[pri:0, instance:browsing.TestNG1@11438d26]" name="beforeMethod" is-config="true" duration-ms="0" started-at="2019-01-15T07:17:27Z" finished-at="2019-01-15T07:17:27Z">
          <exception class="org.testng.TestNGException">
            <message>
              <![CDATA[
Parameter 'browser' is required by BeforeMethod on method beforeMethod but has not been marked @Optional or defined
in C:\Users\Shreyu\eclipse-workspace\myproject2\Test.Xml]]>
            </message>
            <full-stacktrace>
              <![CDATA[org.testng.TestNGException: 
Parameter 'browser' is required by BeforeMethod on method beforeMethod but has not been marked @Optional or defined
in C:\Users\Shreyu\eclipse-workspace\myproject2\Test.Xml
at org.testng.internal.Parameters.createParams(Parameters.java:290)
at org.testng.internal.Parameters.createParametersForMethod(Parameters.java:359)
at org.testng.internal.Parameters.createParameters(Parameters.java:620)
at org.testng.internal.Parameters.createConfigurationParameters(Parameters.java:190)
at org.testng.internal.Invoker.invokeConfigurations(Invoker.java:209)
at org.testng.internal.Invoker.invokeMethod(Invoker.java:520)
at org.testng.internal.Invoker.invokeTestMethod(Invoker.java:716)
at org.testng.internal.Invoker.invokeTestMethods(Invoker.java:988)
at org.testng.internal.TestMethodWorker.invokeTestMethods(TestMethodWorker.java:125)
at org.testng.internal.TestMethodWorker.run(TestMethodWorker.java:109)
at org.testng.TestRunner.privateRun(TestRunner.java:648)
at org.testng.TestRunner.run(TestRunner.java:505)
at org.testng.SuiteRunner.runTest(SuiteRunner.java:455)
at org.testng.SuiteRunner.runSequentially(SuiteRunner.java:450)
at org.testng.SuiteRunner.privateRun(SuiteRunner.java:415)
at org.testng.SuiteRunner.run(SuiteRunner.java:364)
at org.testng.SuiteRunnerWorker.runSuite(SuiteRunnerWorker.java:52)
at org.testng.SuiteRunnerWorker.run(SuiteRunnerWorker.java:84)
at org.testng.TestNG.runSuitesSequentially(TestNG.java:1208)
at org.testng.TestNG.runSuitesLocally(TestNG.java:1137)
at org.testng.TestNG.runSuites(TestNG.java:1049)
at org.testng.TestNG.run(TestNG.java:1017)
at org.testng.remote.AbstractRemoteTestNG.run(AbstractRemoteTestNG.java:114)
at org.testng.remote.RemoteTestNG.initAndRun(RemoteTestNG.java:251)
at org.testng.remote.RemoteTestNG.main(RemoteTestNG.java:77)
]]>
            </full-stacktrace>
          </exception> <!-- org.testng.TestNGException -->
          <reporter-output>
          </reporter-output>
        </test-method> <!-- beforeMethod -->
        <test-method status="SKIP" signature="f()[pri:0, instance:browsing.TestNG1@11438d26]" name="f" duration-ms="0" started-at="2019-01-15T07:17:27Z" finished-at="2019-01-15T07:17:27Z">
          <exception class="org.testng.TestNGException">
            <message>
              <![CDATA[
Parameter 'browser' is required by BeforeMethod on method beforeMethod but has not been marked @Optional or defined
in C:\Users\Shreyu\eclipse-workspace\myproject2\Test.Xml]]>
            </message>
            <full-stacktrace>
              <![CDATA[org.testng.TestNGException: 
Parameter 'browser' is required by BeforeMethod on method beforeMethod but has not been marked @Optional or defined
in C:\Users\Shreyu\eclipse-workspace\myproject2\Test.Xml
at org.testng.internal.Parameters.createParams(Parameters.java:290)
at org.testng.internal.Parameters.createParametersForMethod(Parameters.java:359)
at org.testng.internal.Parameters.createParameters(Parameters.java:620)
at org.testng.internal.Parameters.createConfigurationParameters(Parameters.java:190)
at org.testng.internal.Invoker.invokeConfigurations(Invoker.java:209)
at org.testng.internal.Invoker.invokeMethod(Invoker.java:520)
at org.testng.internal.Invoker.invokeTestMethod(Invoker.java:716)
at org.testng.internal.Invoker.invokeTestMethods(Invoker.java:988)
at org.testng.internal.TestMethodWorker.invokeTestMethods(TestMethodWorker.java:125)
at org.testng.internal.TestMethodWorker.run(TestMethodWorker.java:109)
at org.testng.TestRunner.privateRun(TestRunner.java:648)
at org.testng.TestRunner.run(TestRunner.java:505)
at org.testng.SuiteRunner.runTest(SuiteRunner.java:455)
at org.testng.SuiteRunner.runSequentially(SuiteRunner.java:450)
at org.testng.SuiteRunner.privateRun(SuiteRunner.java:415)
at org.testng.SuiteRunner.run(SuiteRunner.java:364)
at org.testng.SuiteRunnerWorker.runSuite(SuiteRunnerWorker.java:52)
at org.testng.SuiteRunnerWorker.run(SuiteRunnerWorker.java:84)
at org.testng.TestNG.runSuitesSequentially(TestNG.java:1208)
at org.testng.TestNG.runSuitesLocally(TestNG.java:1137)
at org.testng.TestNG.runSuites(TestNG.java:1049)
at org.testng.TestNG.run(TestNG.java:1017)
at org.testng.remote.AbstractRemoteTestNG.run(AbstractRemoteTestNG.java:114)
at org.testng.remote.RemoteTestNG.initAndRun(RemoteTestNG.java:251)
at org.testng.remote.RemoteTestNG.main(RemoteTestNG.java:77)
]]>
            </full-stacktrace>
          </exception> <!-- org.testng.TestNGException -->
          <reporter-output>
          </reporter-output>
        </test-method> <!-- f -->
        <test-method status="SKIP" signature="afterMethod()[pri:0, instance:browsing.TestNG1@11438d26]" name="afterMethod" is-config="true" duration-ms="0" started-at="2019-01-15T07:17:27Z" finished-at="2019-01-15T07:17:27Z">
          <reporter-output>
          </reporter-output>
        </test-method> <!-- afterMethod -->
      </class> <!-- browsing.TestNG1 -->
      <class name="browsing.FistTestNG">
        <test-method status="PASS" signature="beforeSuite()[pri:0, instance:browsing.FistTestNG@458c1321]" name="beforeSuite" is-config="true" duration-ms="44" started-at="2019-01-15T07:17:26Z" finished-at="2019-01-15T07:17:26Z">
          <reporter-output>
          </reporter-output>
        </test-method> <!-- beforeSuite -->
        <test-method status="PASS" signature="beforeTest()[pri:0, instance:browsing.FistTestNG@458c1321]" name="beforeTest" is-config="true" duration-ms="2" started-at="2019-01-15T07:17:26Z" finished-at="2019-01-15T07:17:26Z">
          <reporter-output>
          </reporter-output>
        </test-method> <!-- beforeTest -->
        <test-method status="PASS" signature="beforeClass()[pri:0, instance:browsing.FistTestNG@458c1321]" name="beforeClass" is-config="true" duration-ms="2" started-at="2019-01-15T07:17:27Z" finished-at="2019-01-15T07:17:27Z">
          <reporter-output>
          </reporter-output>
        </test-method> <!-- beforeClass -->
        <test-method status="PASS" signature="beforeMethod()[pri:0, instance:browsing.FistTestNG@458c1321]" name="beforeMethod" is-config="true" duration-ms="0" started-at="2019-01-15T07:17:27Z" finished-at="2019-01-15T07:17:27Z">
          <reporter-output>
          </reporter-output>
        </test-method> <!-- beforeMethod -->
        <test-method status="PASS" signature="a()[pri:0, instance:browsing.FistTestNG@458c1321]" name="a" duration-ms="3" started-at="2019-01-15T07:17:27Z" finished-at="2019-01-15T07:17:27Z">
          <reporter-output>
          </reporter-output>
        </test-method> <!-- a -->
        <test-method status="PASS" signature="afterMethod()[pri:0, instance:browsing.FistTestNG@458c1321]" name="afterMethod" is-config="true" duration-ms="0" started-at="2019-01-15T07:17:27Z" finished-at="2019-01-15T07:17:27Z">
          <reporter-output>
          </reporter-output>
        </test-method> <!-- afterMethod -->
        <test-method status="PASS" signature="beforeMethod()[pri:0, instance:browsing.FistTestNG@458c1321]" name="beforeMethod" is-config="true" duration-ms="0" started-at="2019-01-15T07:17:27Z" finished-at="2019-01-15T07:17:27Z">
          <reporter-output>
          </reporter-output>
        </test-method> <!-- beforeMethod -->
        <test-method status="PASS" signature="f()[pri:0, instance:browsing.FistTestNG@458c1321]" name="f" duration-ms="3" started-at="2019-01-15T07:17:27Z" finished-at="2019-01-15T07:17:27Z">
          <reporter-output>
          </reporter-output>
        </test-method> <!-- f -->
        <test-method status="PASS" signature="afterTest()[pri:0, instance:browsing.FistTestNG@458c1321]" name="afterTest" is-config="true" duration-ms="0" started-at="2019-01-15T07:17:27Z" finished-at="2019-01-15T07:17:27Z">
          <reporter-output>
          </reporter-output>
        </test-method> <!-- afterTest -->
        <test-method status="PASS" signature="afterMethod()[pri:0, instance:browsing.FistTestNG@458c1321]" name="afterMethod" is-config="true" duration-ms="0" started-at="2019-01-15T07:17:27Z" finished-at="2019-01-15T07:17:27Z">
          <reporter-output>
          </reporter-output>
        </test-method> <!-- afterMethod -->
        <test-method status="PASS" signature="afterMethod()[pri:0, instance:browsing.FistTestNG@458c1321]" name="afterMethod" is-config="true" duration-ms="0" started-at="2019-01-15T07:17:27Z" finished-at="2019-01-15T07:17:27Z">
          <reporter-output>
          </reporter-output>
        </test-method> <!-- afterMethod -->
        <test-method status="PASS" signature="z()[pri:0, instance:browsing.FistTestNG@458c1321]" name="z" duration-ms="0" started-at="2019-01-15T07:17:27Z" finished-at="2019-01-15T07:17:27Z">
          <reporter-output>
          </reporter-output>
        </test-method> <!-- z -->
        <test-method status="PASS" signature="afterClass()[pri:0, instance:browsing.FistTestNG@458c1321]" name="afterClass" is-config="true" duration-ms="0" started-at="2019-01-15T07:17:27Z" finished-at="2019-01-15T07:17:27Z">
          <reporter-output>
          </reporter-output>
        </test-method> <!-- afterClass -->
        <test-method status="PASS" signature="beforeMethod()[pri:0, instance:browsing.FistTestNG@458c1321]" name="beforeMethod" is-config="true" duration-ms="0" started-at="2019-01-15T07:17:27Z" finished-at="2019-01-15T07:17:27Z">
          <reporter-output>
          </reporter-output>
        </test-method> <!-- beforeMethod -->
        <test-method status="PASS" signature="afterSuite()[pri:0, instance:browsing.FistTestNG@458c1321]" name="afterSuite" is-config="true" duration-ms="1" started-at="2019-01-15T07:17:27Z" finished-at="2019-01-15T07:17:27Z">
          <reporter-output>
          </reporter-output>
        </test-method> <!-- afterSuite -->
      </class> <!-- browsing.FistTestNG -->
    </test> <!-- mynewtest -->
  </suite> <!-- mynewsuite -->
</testng-results>
